<?xml version="1.0" encoding="UTF-8"?>
<!-- Generated by org.testng.reporters.JUnitReportReporter -->
<testsuite hostname="anilkumar06" name="parameterization.paramsFromTestNGXML" tests="1" failures="0" timestamp="8 Aug 2019 08:58:18 GMT" time="0.008" errors="0">
  <testcase name="testdata" time="0.008" classname="parameterization.paramsFromTestNGXML"/>
</testsuite> <!-- parameterization.paramsFromTestNGXML -->
