<?xml version="1.0" encoding="UTF-8"?>
<!-- Generated by org.testng.reporters.JUnitReportReporter -->
<testsuite hostname="anilkumar06" name="TestPackage.googleTest" tests="2" failures="0" timestamp="13 Aug 2019 07:05:05 GMT" time="4.934" errors="0">
  <testcase name="googleSearchPage" time="0.338" classname="TestPackage.googleTest"/>
  <testcase name="nagarroSearchTest" time="4.596" classname="TestPackage.googleTest"/>
</testsuite> <!-- TestPackage.googleTest -->
