<?xml version="1.0" encoding="UTF-8"?>
<!-- Generated by org.testng.reporters.JUnitReportReporter -->
<testsuite hostname="anilkumar06" name="parameterization.parameterTest" tests="3" failures="0" timestamp="7 Aug 2019 09:16:34 GMT" time="0.008" errors="0">
  <testcase name="doLogin" time="0.001" classname="parameterization.parameterTest"/>
  <testcase name="doLogin" time="0.001" classname="parameterization.parameterTest"/>
  <testcase name="doLogin" time="0.006" classname="parameterization.parameterTest"/>
</testsuite> <!-- parameterization.parameterTest -->
