<?xml version="1.0" encoding="UTF-8"?>
<!-- Generated by org.testng.reporters.JUnitReportReporter -->
<testsuite skipped="0" hostname="anilkumar06" name="learnJava.TestNGTest" tests="1" failures="0" timestamp="07 Aug 2019 06:30:35 GMT" time="0.001" errors="0">
  <testcase name="registrationTest" time="0.001" classname="learnJava.TestNGTest"/>
</testsuite> <!-- learnJava.TestNGTest -->
